0 info it worked if it ends with ok
1 verbose cli [ 'c:\\Program Files\\nodejs\\node.exe',
1 verbose cli   'c:\\Program Files\\nodejs\\node_modules\\npm\\bin\\npm-cli.js',
1 verbose cli   'install',
1 verbose cli   'bowr' ]
2 info using npm@1.4.9
3 info using node@v0.10.28
4 warn package.json saddlapi@0.0.0 No repository field.
5 verbose readDependencies using package.json deps
6 verbose cache add [ 'bowr', null ]
7 verbose cache add name=undefined spec="bowr" args=["bowr",null]
8 verbose parsed url { protocol: null,
8 verbose parsed url   slashes: null,
8 verbose parsed url   auth: null,
8 verbose parsed url   host: null,
8 verbose parsed url   port: null,
8 verbose parsed url   hostname: null,
8 verbose parsed url   hash: null,
8 verbose parsed url   search: null,
8 verbose parsed url   query: null,
8 verbose parsed url   pathname: 'bowr',
8 verbose parsed url   path: 'bowr',
8 verbose parsed url   href: 'bowr' }
9 silly lockFile 503edd93-bowr bowr
10 verbose lock bowr C:\Users\Falko\AppData\Roaming\npm-cache\503edd93-bowr.lock
11 silly lockFile 503edd93-bowr bowr
12 silly lockFile 503edd93-bowr bowr
13 verbose addNamed [ 'bowr', '' ]
14 verbose addNamed [ null, '*' ]
15 silly lockFile a2ccc63d-bowr bowr@
16 verbose lock bowr@ C:\Users\Falko\AppData\Roaming\npm-cache\a2ccc63d-bowr.lock
17 silly addNameRange { name: 'bowr', range: '*', hasData: false }
18 verbose url raw bowr
19 verbose url resolving [ 'https://registry.npmjs.org/', './bowr' ]
20 verbose url resolved https://registry.npmjs.org/bowr
21 info trying registry request attempt 1 at 09:55:42
22 http GET https://registry.npmjs.org/bowr
23 http 404 https://registry.npmjs.org/bowr
24 verbose headers { date: 'Mon, 19 May 2014 07:55:42 GMT',
24 verbose headers   server: 'CouchDB/1.5.0 (Erlang OTP/R14B04)',
24 verbose headers   'content-type': 'application/json',
24 verbose headers   via: '1.1 varnish',
24 verbose headers   'cache-control': 'max-age=0',
24 verbose headers   'content-length': '52',
24 verbose headers   'accept-ranges': 'bytes',
24 verbose headers   age: '0',
24 verbose headers   'x-served-by': 'cache-v42-ASH, cache-am77-AMS',
24 verbose headers   'x-cache': 'MISS, MISS',
24 verbose headers   'x-cache-hits': '0, 0',
24 verbose headers   'x-timer': 'S1400486142.332465649,VS0,VS46,VE57,VE97',
24 verbose headers   'keep-alive': 'timeout=10, max=50',
24 verbose headers   connection: 'Keep-Alive' }
25 silly registry.get cb [ 404,
25 silly registry.get   { date: 'Mon, 19 May 2014 07:55:42 GMT',
25 silly registry.get     server: 'CouchDB/1.5.0 (Erlang OTP/R14B04)',
25 silly registry.get     'content-type': 'application/json',
25 silly registry.get     via: '1.1 varnish',
25 silly registry.get     'cache-control': 'max-age=0',
25 silly registry.get     'content-length': '52',
25 silly registry.get     'accept-ranges': 'bytes',
25 silly registry.get     age: '0',
25 silly registry.get     'x-served-by': 'cache-v42-ASH, cache-am77-AMS',
25 silly registry.get     'x-cache': 'MISS, MISS',
25 silly registry.get     'x-cache-hits': '0, 0',
25 silly registry.get     'x-timer': 'S1400486142.332465649,VS0,VS46,VE57,VE97',
25 silly registry.get     'keep-alive': 'timeout=10, max=50',
25 silly registry.get     connection: 'Keep-Alive' } ]
26 silly lockFile a2ccc63d-bowr bowr@
27 silly lockFile a2ccc63d-bowr bowr@
28 error 404 404 Not Found: bowr
28 error 404
28 error 404 'bowr' is not in the npm registry.
28 error 404 You should bug the author to publish it
28 error 404 It was specified as a dependency of 'saddlapi'
28 error 404
28 error 404 Note that you can also install from a
28 error 404 tarball, folder, or http url, or git url.
29 error System Windows_NT 6.2.9200
30 error command "c:\\Program Files\\nodejs\\node.exe" "c:\\Program Files\\nodejs\\node_modules\\npm\\bin\\npm-cli.js" "install" "bowr"
31 error cwd C:\Users\Falko\Documents\GitHub\Saddl-API
32 error node -v v0.10.28
33 error npm -v 1.4.9
34 error code E404
35 verbose exit [ 1, true ]
